[debug] [2025-10-14T20:43:37.298Z] ----------------------------------------------------------------------
[debug] [2025-10-14T20:43:37.302Z] Command:       C:\Program Files\nodejs\node.exe C:\Users\GAL\AppData\Roaming\npm\node_modules\firebase-tools\lib\bin\firebase.js init
[debug] [2025-10-14T20:43:37.302Z] CLI Version:   14.19.1
[debug] [2025-10-14T20:43:37.302Z] Platform:      win32
[debug] [2025-10-14T20:43:37.302Z] Node Version:  v22.20.0
[debug] [2025-10-14T20:43:37.303Z] Time:          Tue Oct 14 2025 15:43:37 GMT-0500 (hora estándar de Colombia)
[debug] [2025-10-14T20:43:37.303Z] ----------------------------------------------------------------------
[debug] 
[info] 
     ######## #### ########  ######## ########     ###     ######  ########
     ##        ##  ##     ## ##       ##     ##  ##   ##  ##       ##
     ######    ##  ########  ######   ########  #########  ######  ######
     ##        ##  ##    ##  ##       ##     ## ##     ##       ## ##
     ##       #### ##     ## ######## ########  ##     ##  ######  ########

You're about to initialize a Firebase project in this directory:

  C:\Users\GAL\Downloads\Prueba IA\gal-cotizaciones1

[info] 
=== Project Setup
[info] 
[info] First, let's associate this project directory with a Firebase project.
[info] You can create multiple project aliases by running firebase use --add, 
[info] 
[debug] [2025-10-14T20:45:49.861Z] > command requires scopes: ["email","openid","https://www.googleapis.com/auth/cloudplatformprojects.readonly","https://www.googleapis.com/auth/firebase","https://www.googleapis.com/auth/cloud-platform"]
[debug] [2025-10-14T20:45:49.862Z] > authorizing via signed-in user (galordendeservicio@gmail.com)
[debug] [2025-10-14T20:45:49.863Z] Checked if tokens are valid: true, expires at: 1760477488063
[debug] [2025-10-14T20:45:49.863Z] Checked if tokens are valid: true, expires at: 1760477488063
[debug] [2025-10-14T20:45:49.865Z] >>> [apiv2][query] GET https://firebase.googleapis.com/v1beta1/projects pageSize=100
[debug] [2025-10-14T20:45:50.377Z] <<< [apiv2][status] GET https://firebase.googleapis.com/v1beta1/projects 200
[debug] [2025-10-14T20:45:50.378Z] <<< [apiv2][body] GET https://firebase.googleapis.com/v1beta1/projects [omitted]
[info] 
=== Hosting Setup
[debug] [2025-10-14T20:46:18.440Z] Checked if tokens are valid: true, expires at: 1760477488063
[debug] [2025-10-14T20:46:18.440Z] Checked if tokens are valid: true, expires at: 1760477488063
[debug] [2025-10-14T20:46:18.441Z] >>> [apiv2][query] GET https://firebase.googleapis.com/v1beta1/projects/gal2025-d55a9 [none]
[debug] [2025-10-14T20:46:18.914Z] <<< [apiv2][status] GET https://firebase.googleapis.com/v1beta1/projects/gal2025-d55a9 200
[debug] [2025-10-14T20:46:18.915Z] <<< [apiv2][body] GET https://firebase.googleapis.com/v1beta1/projects/gal2025-d55a9 {"projectId":"gal2025-d55a9","projectNumber":"851687174207","displayName":"GAL2025","name":"projects/gal2025-d55a9","resources":{"hostingSite":"gal2025-d55a9"},"state":"ACTIVE","etag":"1_ffb479d7-e270-4009-af86-c8a06588a262"}
[info] 
[info] Your public directory is the folder (relative to your project directory) that
[info] will contain Hosting assets to be uploaded with firebase deploy. If you
[info] have a build process for your assets, use your build's output directory.
[info] 
[debug] [2025-10-14T20:47:59.445Z] >>> [apiv2][query] GET https://www.gstatic.com/firebasejs/releases.json [none]
[debug] [2025-10-14T20:47:59.600Z] <<< [apiv2][status] GET https://www.gstatic.com/firebasejs/releases.json 200
[debug] [2025-10-14T20:47:59.601Z] <<< [apiv2][body] GET https://www.gstatic.com/firebasejs/releases.json {"current":{"version":"12.4.0","browserURL":"https://www.gstatic.com/firebasejs/12.4.0/firebase.js","packageURL":"https://www.gstatic.com/firebasejs/12.4.0/firebase.tgz"},"live":{"version":"12.4","browserURL":"https://www.gstatic.com/firebasejs/live/12.4/firebase.js","packageURL":"https://www.gstatic.com/firebasejs/live/12.4/firebase.tgz"},"components":{"ai":"https://www.gstatic.com/firebasejs/12.4.0/firebase-ai.js","analytics":"https://www.gstatic.com/firebasejs/12.4.0/firebase-analytics.js","app":"https://www.gstatic.com/firebasejs/12.4.0/firebase-app.js","app-check":"https://www.gstatic.com/firebasejs/12.4.0/firebase-app-check.js","auth":"https://www.gstatic.com/firebasejs/12.4.0/firebase-auth.js","auth/cordova":"https://www.gstatic.com/firebasejs/12.4.0/firebase-auth/cordova.js","auth/web-extension":"https://www.gstatic.com/firebasejs/12.4.0/firebase-auth/web-extension.js","functions":"https://www.gstatic.com/firebasejs/12.4.0/firebase-functions.js","firestore":"https://www.gstatic.com/firebasejs/12.4.0/firebase-firestore.js","firestore/lite":"https://www.gstatic.com/firebasejs/12.4.0/firebase-firestore/lite.js","installations":"https://www.gstatic.com/firebasejs/12.4.0/firebase-installations.js","storage":"https://www.gstatic.com/firebasejs/12.4.0/firebase-storage.js","performance":"https://www.gstatic.com/firebasejs/12.4.0/firebase-performance.js","remote-config":"https://www.gstatic.com/firebasejs/12.4.0/firebase-remote-config.js","messaging":"https://www.gstatic.com/firebasejs/12.4.0/firebase-messaging.js","messaging/sw":"https://www.gstatic.com/firebasejs/12.4.0/firebase-messaging/sw.js","database":"https://www.gstatic.com/firebasejs/12.4.0/firebase-database.js","data-connect":"https://www.gstatic.com/firebasejs/12.4.0/firebase-data-connect.js","firestore.memory":"https://www.gstatic.com/firebasejs/12.4.0/firebase-firestore.memory.js"}}
[info] +  Wrote .//index.html 
[info] 
[info] i  Detected a .git folder at C:\Users\GAL\Downloads\Prueba IA\gal-cotizaciones1 
[info] i  Authorizing with GitHub to upload your service account to a GitHub repository's secrets store. 
[info] 
[info] Visit this URL on this device to log in:
[info] https://github.com/login/oauth/authorize?client_id=89cf50f02ac6aaed3484&state=401727790&redirect_uri=http%3A%2F%2Flocalhost%3A9005&scope=read%3Auser%20repo%20public_repo
[info] 
[info] Waiting for authentication...
[debug] [2025-10-14T20:48:56.236Z] >>> [apiv2][query] POST https://github.com/login/oauth/access_token [none]
[debug] [2025-10-14T20:48:56.236Z] >>> [apiv2][body] POST https://github.com/login/oauth/access_token [stream]
[debug] [2025-10-14T20:48:56.606Z] <<< [apiv2][status] POST https://github.com/login/oauth/access_token 200
[debug] [2025-10-14T20:48:56.606Z] <<< [apiv2][body] POST https://github.com/login/oauth/access_token {"access_token":"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","token_type":"bearer","scope":"read:user,repo"}
[debug] [2025-10-14T20:48:56.618Z] >>> [apiv2][query] GET https://api.github.com/user [none]
[debug] [2025-10-14T20:48:56.996Z] <<< [apiv2][status] GET https://api.github.com/user 200
[debug] [2025-10-14T20:48:56.996Z] <<< [apiv2][body] GET https://api.github.com/user {"login":"galordendeservicio-cotigal","id":237840217,"node_id":"U_kgDODi0nWQ","avatar_url":"https://avatars.githubusercontent.com/u/237840217?v=4","gravatar_id":"","url":"https://api.github.com/users/galordendeservicio-cotigal","html_url":"https://github.com/galordendeservicio-cotigal","followers_url":"https://api.github.com/users/galordendeservicio-cotigal/followers","following_url":"https://api.github.com/users/galordendeservicio-cotigal/following{/other_user}","gists_url":"https://api.github.com/users/galordendeservicio-cotigal/gists{/gist_id}","starred_url":"https://api.github.com/users/galordendeservicio-cotigal/starred{/owner}{/repo}","subscriptions_url":"https://api.github.com/users/galordendeservicio-cotigal/subscriptions","organizations_url":"https://api.github.com/users/galordendeservicio-cotigal/orgs","repos_url":"https://api.github.com/users/galordendeservicio-cotigal/repos","events_url":"https://api.github.com/users/galordendeservicio-cotigal/events{/privacy}","received_events_url":"https://api.github.com/users/galordendeservicio-cotigal/received_events","type":"User","user_view_type":"private","site_admin":false,"name":null,"company":null,"blog":"","location":null,"email":null,"hireable":null,"bio":null,"twitter_username":null,"notification_email":null,"public_repos":1,"public_gists":0,"followers":0,"following":0,"created_at":"2025-10-13T18:04:56Z","updated_at":"2025-10-13T18:04:56Z","private_gists":0,"total_private_repos":0,"owned_private_repos":0,"disk_usage":0,"collaborators":0,"two_factor_authentication":false,"plan":{"name":"free","space":976562499,"collaborators":0,"private_repos":10000}}
[info] 
[info] +  Success! Logged into GitHub as galordendeservicio-cotigal 
[info] 
[debug] [2025-10-14T20:55:44.086Z] >>> [apiv2][query] GET https://api.github.com/repos/n/actions/secrets/public-key type=owner
[debug] [2025-10-14T20:55:44.405Z] <<< [apiv2][status] GET https://api.github.com/repos/n/actions/secrets/public-key 404
[debug] [2025-10-14T20:55:44.405Z] <<< [apiv2][body] GET https://api.github.com/repos/n/actions/secrets/public-key {"message":"Not Found","documentation_url":"https://docs.github.com/rest","status":"404"}
[info] 
[info] 
[error] !  The provided authorization cannot be used with this repository. If this repository is in an organization, did you remember to grant access? 
[info] 
[info] i  Action required: Visit this URL to ensure access has been granted to the appropriate organization(s) for the Firebase CLI GitHub OAuth App: 
[info] https://github.com/settings/connections/applications/89cf50f02ac6aaed3484
[info] 
[debug] [2025-10-14T20:55:46.549Z] >>> [apiv2][query] GET https://api.github.com/repos/n/actions/secrets/public-key type=owner
[debug] [2025-10-14T20:55:46.790Z] <<< [apiv2][status] GET https://api.github.com/repos/n/actions/secrets/public-key 404
[debug] [2025-10-14T20:55:46.791Z] <<< [apiv2][body] GET https://api.github.com/repos/n/actions/secrets/public-key {"message":"Not Found","documentation_url":"https://docs.github.com/rest","status":"404"}
[info] 
[info] 
[error] !  The provided authorization cannot be used with this repository. If this repository is in an organization, did you remember to grant access? 
[info] 
[info] i  Action required: Visit this URL to ensure access has been granted to the appropriate organization(s) for the Firebase CLI GitHub OAuth App: 
[info] https://github.com/settings/connections/applications/89cf50f02ac6aaed3484
[info] 
